FULL RUN LOG:
 Uncompressing the gds files
Step 0 done without fatal errors.
 Executing Step 1 of 4: Checking License files.
{{LICENSE COMPLIANCE PASSED}} Apache-2.0 LICENSE file was found in project root
 No third party libraries found.
Step 1 done without fatal errors.
{{SPDX COMPLIANCE WARNING}} Found 318 non-compliant files with the SPDX Standard. Check full log for more information
SPDX COMPLIANCE: NON-COMPLIANT FILES PREVIEW: ['/home/irfansyah/dev/caravel-ELITS/doc/caravel_datasheet.ps', '/home/irfansyah/dev/caravel-ELITS/mag/.magicrc', '/home/irfansyah/dev/caravel-ELITS/mag/clamp_list.txt', '/home/irfansyah/dev/caravel-ELITS/openlane/chip_dimensions.txt', '/home/irfansyah/dev/caravel-ELITS/openlane/default.cvcrc', '/home/irfansyah/dev/caravel-ELITS/openlane/top_astria/config.tcl', '/home/irfansyah/dev/caravel-ELITS/openlane/top_astria/runs/top_astria/config.tcl', '/home/irfansyah/dev/caravel-ELITS/openlane/top_astria/runs/top_astria/results/routing/top_astria.spef', '/home/irfansyah/dev/caravel-ELITS/openlane/top_astria/runs/top_astria/results/routing/top_astria.def.ref', '/home/irfansyah/dev/caravel-ELITS/openlane/top_astria/runs/top_astria/results/synthesis/top_astria.synthesis.v', '/home/irfansyah/dev/caravel-ELITS/openlane/top_astria/runs/top_astria/results/synthesis/top_astria.synthesis_cts.v', '/home/irfansyah/dev/caravel-ELITS/openlane/top_astria/runs/top_astria/results/synthesis/top_astria.synthesis_preroute.v', '/home/irfansyah/dev/caravel-ELITS/openlane/top_astria/runs/top_astria/results/synthesis/top_astria.synthesis_optimized.v', '/home/irfansyah/dev/caravel-ELITS/openlane/top_astria/runs/top_astria/results/magic/sky130_fd_sc_hd__tapvpwrvgnd_1.ext', '/home/irfansyah/dev/caravel-ELITS/openlane/top_astria/runs/top_astria/results/magic/sky130_fd_sc_hd__fill_1.ext', '/home/irfansyah/dev/caravel-ELITS/openlane/top_astria/runs/top_astria/results/magic/sky130_fd_sc_hd__or4_4.ext', '/home/irfansyah/dev/caravel-ELITS/openlane/top_astria/runs/top_astria/results/magic/sky130_fd_sc_hd__and3_4.ext', '/home/irfansyah/dev/caravel-ELITS/openlane/top_astria/runs/top_astria/results/magic/sky130_fd_sc_hd__decap_3.ext', '/home/irfansyah/dev/caravel-ELITS/openlane/top_astria/runs/top_astria/results/magic/sky130_fd_sc_hd__buf_2.ext', '/home/irfansyah/dev/caravel-ELITS/openlane/top_astria/runs/top_astria/results/magic/.magicrc']
 Executing Step 2 of 4: Checking YAML description.
 YAML file valid!
Step 2 done without fatal errors.
 Executing Step 3 of 4: Executing Fuzzy Consistency Checks.
b'Going into /home/irfansyah/dev/caravel-ELITS/verilog/rtl'
b'Removing manifest'
b'Fetching manifest'
b'Running sha1sum checks'
b'Going into /home/irfansyah/dev/caravel-ELITS/maglef'
b'Removing manifest'
b'Fetching manifest'
b'Running sha1sum checks'
b'Going into /home/irfansyah/dev/caravel-ELITS/mag'
b'Removing manifest'
b'Fetching manifest'
b'Running sha1sum checks'
 Manifest Checks Failed. Please rebase your Repository to the latest Caravel master.
.magicrc: FAILED
 Documentation Checks Passed.
 Makefile Checks Passed.
instance caravel found
instance user_project_wrapper found
Design is complex and contains: 47 modules
Design is complex and contains: 2 modules
verilog Consistency Checks Passed.
 Basic Hierarchy Checks Passed.
 Running Magic Extractions From GDS...
 Consistency Checks Failed+ Reason: GDS Checks Failed: GDS Hierarchy Check Failed
 Executing Step 4 of 4: Checking DRC Violations.
 Running DRC Checks...
 DRC Checks on MAG Passed!
Step 4 done without fatal errors.
 All Checks PASSED!
