
Magic 8.3 revision 93 - Compiled on Thu Dec 17 04:58:58 UTC 2020.
Starting magic under Tcl interpreter
Using the terminal as the console.
Using NULL graphics device.
Processing system .magicrc file
Sourcing design .magicrc for technology sky130A ...
2 Magic internal units = 1 Lambda
Could not find file 'PDK_ROOT/sky130A/libs.tech/magic/current/sky130A.tech' in any of these directories:
         . /build/lib/magic/sys /build/lib/magic/sys/current
Error parsing ".magicrc": couldn't read file "PDK_ROOT/sky130A/libs.tech/magic/current/sky130A.tcl": no such file or directory
Bad local startup file ".magicrc", continuing without.
Scaled tech values by 2 / 1 to match internal grid scaling
Loading "/usr/local/bin/drc_checks/magic_drc_check.tcl" from command line.
Cell caravel has technology "sky130A", but current technology is "minimum"
Use command "tech load" if you want to switch technologies, or use
"cellname delete caravel" and "load caravel -force" to force the cell to load as technology minimum
[INFO]: Loading caravel

Cell sram_1rw1r_32_256_8_sky130 has technology "sky130A", but current technology is "minimum"
Use command "tech load" if you want to switch technologies, or use
"cellname delete sram_1rw1r_32_256_8_sky130" and "load sram_1rw1r_32_256_8_sky130 -force" to force the cell to load as technology minimum
Don't know how to read GDS-II:
Nothing in "cifinput" section of tech file.
Cell caravel has technology "sky130A", but current technology is "minimum"
Use command "tech load" if you want to switch technologies, or use
"cellname delete caravel" and "load caravel -force" to force the cell to load as technology minimum
Creating new cell
"drc(full)" is not one of the DRC styles Magic knows.
The current style is "default".
The DRC styles are: default.
No errors found.
[INFO]: COUNT: 0
[INFO]: Should be divided by 3 or 4
[INFO]: DRC Checking DONE (/home/irfansyah/dev/caravel-ELITS/checks/caravel.magic.drc)
[INFO]: Saving mag view with DRC errors(/home/irfansyah/dev/caravel-ELITS/checks/caravel.magic.drc.mag)
[INFO]: Saved
