FULL RUN LOG:
SPDX NON-COMPLIANT FILES
/home/irfansyah/dev/caravel-ELITS/mpw-one-a.md
/home/irfansyah/dev/caravel-ELITS/info.yaml
/home/irfansyah/dev/caravel-ELITS/Makefile
/home/irfansyah/dev/caravel-ELITS/.travis.yml
/home/irfansyah/dev/caravel-ELITS/gds/gds2mag-all.sh
/home/irfansyah/dev/caravel-ELITS/gds/gen_caravel.tcl
/home/irfansyah/dev/caravel-ELITS/checks/full_log.log
/home/irfansyah/dev/caravel-ELITS/checks/spdx_compliance_report.log
/home/irfansyah/dev/caravel-ELITS/checks/caravel.magic.namelist
/home/irfansyah/dev/caravel-ELITS/checks/caravel.magic.rdb
/home/irfansyah/dev/caravel-ELITS/checks/mprj.magic.namelist
/home/irfansyah/dev/caravel-ELITS/checks/caravel.magic.drc
/home/irfansyah/dev/caravel-ELITS/checks/caravel.magic.typelist
/home/irfansyah/dev/caravel-ELITS/checks/mprj.magic.typelist
/home/irfansyah/dev/caravel-ELITS/checks/magic_drc.log
/home/irfansyah/dev/caravel-ELITS/checks/magic_extract.log
/home/irfansyah/dev/caravel-ELITS/.travisCI/runPrecheck.sh
/home/irfansyah/dev/caravel-ELITS/.travisCI/travisBuild.sh
/home/irfansyah/dev/caravel-ELITS/doc/caravel_datasheet.ps
/home/irfansyah/dev/caravel-ELITS/mag/.gitignore
/home/irfansyah/dev/caravel-ELITS/mag/bump_bond.tcl
/home/irfansyah/dev/caravel-ELITS/mag/.magicrc
/home/irfansyah/dev/caravel-ELITS/mag/comp.out
/home/irfansyah/dev/caravel-ELITS/mag/dot.magicrc.dist
/home/irfansyah/dev/caravel-ELITS/mag/run_lvs_por.sh
/home/irfansyah/dev/caravel-ELITS/mag/mag2maglef-all.sh
/home/irfansyah/dev/caravel-ELITS/scripts/set_user_id.py
/home/irfansyah/dev/caravel-ELITS/utils/ext-mag-sky130A.sh
/home/irfansyah/dev/caravel-ELITS/utils/mag2maglef-mag.sh
/home/irfansyah/dev/caravel-ELITS/utils/lef2maglef.sh
/home/irfansyah/dev/caravel-ELITS/utils/ext-gds-sky130A.sh
/home/irfansyah/dev/caravel-ELITS/utils/drc-mag-sky130A.sh
/home/irfansyah/dev/caravel-ELITS/utils/gds2mag-mag.sh
/home/irfansyah/dev/caravel-ELITS/utils/mag2maglef-maglef.localrc.sh
/home/irfansyah/dev/caravel-ELITS/utils/README.txt
/home/irfansyah/dev/caravel-ELITS/utils/drc-gds-sky130A.sh
/home/irfansyah/dev/caravel-ELITS/utils/drc-def-sky130A.sh
/home/irfansyah/dev/caravel-ELITS/utils/ext-def-sky130A.sh
/home/irfansyah/dev/caravel-ELITS/utils/addmpwseal.tcl
/home/irfansyah/dev/caravel-ELITS/utils/MAGIC.txt
/home/irfansyah/dev/caravel-ELITS/utils/magicGdrc
/home/irfansyah/dev/caravel-ELITS/utils/magicDrc
/home/irfansyah/dev/caravel-ELITS/utils/gds2mag-mag.local.sh
/home/irfansyah/dev/caravel-ELITS/utils/mag2maglef-maglef.sh
/home/irfansyah/dev/caravel-ELITS/utils/examples/drc-maglef.sh
/home/irfansyah/dev/caravel-ELITS/utils/examples/xor.sh
/home/irfansyah/dev/caravel-ELITS/utils/examples/mag2gds.tcl
/home/irfansyah/dev/caravel-ELITS/utils/examples/xor.drc
/home/irfansyah/dev/caravel-ELITS/utils/examples/run_openram_tc_1kb.sh
/home/irfansyah/dev/caravel-ELITS/utils/examples/magic_drc.tcl
/home/irfansyah/dev/caravel-ELITS/utils/examples/ext-mag.sh
/home/irfansyah/dev/caravel-ELITS/utils/examples/README.md
/home/irfansyah/dev/caravel-ELITS/utils/examples/ext.sh
/home/irfansyah/dev/caravel-ELITS/utils/examples/drc-mag.sh
/home/irfansyah/dev/caravel-ELITS/utils/examples/wrap.tcl
/home/irfansyah/dev/caravel-ELITS/utils/examples/wrap2.tcl
/home/irfansyah/dev/caravel-ELITS/utils/examples/setup.tcl
/home/irfansyah/dev/caravel-ELITS/utils/examples/extract.tcl
/home/irfansyah/dev/caravel-ELITS/utils/examples/create-project.sh
/home/irfansyah/dev/caravel-ELITS/utils/examples/dot.magicrc
/home/irfansyah/dev/caravel-ELITS/utils/examples/pfg.sh
/home/irfansyah/dev/caravel-ELITS/utils/examples/drc.sh
/home/irfansyah/dev/caravel-ELITS/utils/examples/edit.tcl
/home/irfansyah/dev/caravel-ELITS/utils/examples/addmpwseal.tcl
/home/irfansyah/dev/caravel-ELITS/utils/examples/lvs.sh
/home/irfansyah/dev/caravel-ELITS/utils/examples/ext-gds.sh
/home/irfansyah/dev/caravel-ELITS/utils/core_scripts/magic-ext.sh
/home/irfansyah/dev/caravel-ELITS/utils/core_scripts/magic-drc.sh
/home/irfansyah/dev/caravel-ELITS/utils/core_scripts/README.md
/home/irfansyah/dev/caravel-ELITS/utils/core_scripts/magic-ext.tcl
/home/irfansyah/dev/caravel-ELITS/utils/core_scripts/magic-drc.tcl
/home/irfansyah/dev/caravel-ELITS/qflow/README
/home/irfansyah/dev/caravel-ELITS/qflow/digital_pll_controller/qflow_exec.sh
/home/irfansyah/dev/caravel-ELITS/qflow/digital_pll_controller/qflow_vars.sh
/home/irfansyah/dev/caravel-ELITS/qflow/digital_pll_controller/project_vars.sh
/home/irfansyah/dev/caravel-ELITS/qflow/digital_pll_controller/layout/.magicrc
/home/irfansyah/dev/caravel-ELITS/qflow/digital_pll_controller/layout/.magicrc.orig
/home/irfansyah/dev/caravel-ELITS/qflow/digital_pll_controller/layout/digital_pll_controller.par
/home/irfansyah/dev/caravel-ELITS/qflow/digital_pll_controller/source/digital_pll_controller.v
/home/irfansyah/dev/caravel-ELITS/qflow/digital_pll_controller/log/qflow.log
/home/irfansyah/dev/caravel-ELITS/qflow/ring_osc2x13/qflow_exec.sh
/home/irfansyah/dev/caravel-ELITS/qflow/ring_osc2x13/qflow_vars.sh
/home/irfansyah/dev/caravel-ELITS/qflow/ring_osc2x13/project_vars.sh
/home/irfansyah/dev/caravel-ELITS/qflow/ring_osc2x13/layout/ring_osc2x13.par
/home/irfansyah/dev/caravel-ELITS/qflow/ring_osc2x13/layout/.magicrc
/home/irfansyah/dev/caravel-ELITS/qflow/ring_osc2x13/layout/.magicrc.orig
/home/irfansyah/dev/caravel-ELITS/qflow/ring_osc2x13/source/ring_osc2x13.v
/home/irfansyah/dev/caravel-ELITS/qflow/ring_osc2x13/log/qflow.log
/home/irfansyah/dev/caravel-ELITS/openlane/chip_dimensions.txt
/home/irfansyah/dev/caravel-ELITS/openlane/.gitignore
/home/irfansyah/dev/caravel-ELITS/openlane/README.md
/home/irfansyah/dev/caravel-ELITS/openlane/Makefile
/home/irfansyah/dev/caravel-ELITS/openlane/chip_io/interactive.tcl
/home/irfansyah/dev/caravel-ELITS/openlane/chip_io/config.tcl
/home/irfansyah/dev/caravel-ELITS/openlane/storage/pdn.tcl
/home/irfansyah/dev/caravel-ELITS/openlane/storage/config.tcl
/home/irfansyah/dev/caravel-ELITS/openlane/sky130_fd_sc_hvl__lsbufhv2lv_1_wrapped/config.tcl
/home/irfansyah/dev/caravel-ELITS/openlane/digital_pll/pdn.tcl
/home/irfansyah/dev/caravel-ELITS/openlane/digital_pll/config.tcl
/home/irfansyah/dev/caravel-ELITS/openlane/top_astria/config.tcl
/home/irfansyah/dev/caravel-ELITS/openlane/top_astria/runs/top_astria/cmds.log
/home/irfansyah/dev/caravel-ELITS/openlane/top_astria/runs/top_astria/config.tcl
/home/irfansyah/dev/caravel-ELITS/openlane/top_astria/runs/top_astria/results/routing/top_astria.spef
/home/irfansyah/dev/caravel-ELITS/openlane/top_astria/runs/top_astria/results/routing/top_astria.def.ref
/home/irfansyah/dev/caravel-ELITS/openlane/top_astria/runs/top_astria/results/synthesis/top_astria.synthesis.v
/home/irfansyah/dev/caravel-ELITS/openlane/top_astria/runs/top_astria/results/synthesis/top_astria.synthesis_cts.v
/home/irfansyah/dev/caravel-ELITS/openlane/top_astria/runs/top_astria/results/synthesis/top_astria.synthesis_preroute.v
/home/irfansyah/dev/caravel-ELITS/openlane/top_astria/runs/top_astria/results/synthesis/top_astria.synthesis.ve
/home/irfansyah/dev/caravel-ELITS/openlane/top_astria/runs/top_astria/results/magic/sky130_fd_sc_hd__tapvpwrvgnd_1.ext
/home/irfansyah/dev/caravel-ELITS/openlane/top_astria/runs/top_astria/results/magic/sky130_fd_sc_hd__fill_1.ext
/home/irfansyah/dev/caravel-ELITS/openlane/top_astria/runs/top_astria/results/magic/sky130_fd_sc_hd__or4_4.ext
/home/irfansyah/dev/caravel-ELITS/openlane/top_astria/runs/top_astria/results/magic/sky130_fd_sc_hd__decap_3.ext
/home/irfansyah/dev/caravel-ELITS/openlane/top_astria/runs/top_astria/results/magic/sky130_fd_sc_hd__buf_2.ext
/home/irfansyah/dev/caravel-ELITS/openlane/top_astria/runs/top_astria/results/magic/.magicrc
/home/irfansyah/dev/caravel-ELITS/openlane/top_astria/runs/top_astria/results/magic/sky130_fd_sc_hd__decap_8.ext
/home/irfansyah/dev/caravel-ELITS/openlane/top_astria/runs/top_astria/results/magic/sky130_fd_sc_hd__decap_6.ext
/home/irfansyah/dev/caravel-ELITS/openlane/top_astria/runs/top_astria/results/magic/sky130_fd_sc_hd__clkbuf_1.ext
/home/irfansyah/dev/caravel-ELITS/openlane/top_astria/runs/top_astria/results/magic/sky130_fd_sc_hd__decap_4.ext
/home/irfansyah/dev/caravel-ELITS/openlane/top_astria/runs/top_astria/results/magic/top_astria.ext
/home/irfansyah/dev/caravel-ELITS/openlane/top_astria/runs/top_astria/results/magic/top_astria.spice
/home/irfansyah/dev/caravel-ELITS/openlane/top_astria/runs/top_astria/results/magic/sky130_fd_sc_hd__o22a_4.ext
/home/irfansyah/dev/caravel-ELITS/openlane/top_astria/runs/top_astria/results/magic/sky130_fd_sc_hd__diode_2.ext
/home/irfansyah/dev/caravel-ELITS/openlane/top_astria/runs/top_astria/results/magic/sky130_fd_sc_hd__conb_1.ext
/home/irfansyah/dev/caravel-ELITS/openlane/top_astria/runs/top_astria/results/magic/sky130_fd_sc_hd__nor4_1.ext
/home/irfansyah/dev/caravel-ELITS/openlane/top_astria/runs/top_astria/results/magic/sky130_fd_sc_hd__inv_2.ext
/home/irfansyah/dev/caravel-ELITS/openlane/top_astria/runs/top_astria/results/magic/sky130_fd_sc_hd__dfxtp_4.ext
/home/irfansyah/dev/caravel-ELITS/openlane/top_astria/runs/top_astria/results/magic/sky130_fd_sc_hd__clkbuf_16.ext
/home/irfansyah/dev/caravel-ELITS/openlane/top_astria/runs/top_astria/results/magic/sky130_fd_sc_hd__fill_2.ext
/home/irfansyah/dev/caravel-ELITS/openlane/top_astria/runs/top_astria/results/magic/sky130_fd_sc_hd__decap_12.ext
/home/irfansyah/dev/caravel-ELITS/openlane/top_astria/runs/top_astria/results/lvs/top_astria.lvs.powered.v
/home/irfansyah/dev/caravel-ELITS/openlane/top_astria/runs/top_astria/results/lvs/top_astria.lvs.json
/home/irfansyah/dev/caravel-ELITS/openlane/top_astria/runs/top_astria/results/lvs/top_astria.lvs_parsed.log
/home/irfansyah/dev/caravel-ELITS/openlane/top_astria/runs/top_astria/results/lvs/top_astria.lvs.log
/home/irfansyah/dev/caravel-ELITS/openlane/top_astria/runs/top_astria/reports/runtime.txt
/home/irfansyah/dev/caravel-ELITS/openlane/top_astria/runs/top_astria/reports/floorplan/verilog2def.core_area.rpt
/home/irfansyah/dev/caravel-ELITS/openlane/top_astria/runs/top_astria/reports/floorplan/verilog2def.die_area.rpt
/home/irfansyah/dev/caravel-ELITS/openlane/top_astria/runs/top_astria/reports/routing/tritonRoute.klayout.xml
/home/irfansyah/dev/caravel-ELITS/openlane/top_astria/runs/top_astria/reports/routing/fastroute_wns.rpt
/home/irfansyah/dev/caravel-ELITS/openlane/top_astria/runs/top_astria/reports/routing/fastroute_tns.rpt
/home/irfansyah/dev/caravel-ELITS/openlane/top_astria/runs/top_astria/reports/routing/fastroute.rpt
/home/irfansyah/dev/caravel-ELITS/openlane/top_astria/runs/top_astria/reports/routing/antenna.rpt
/home/irfansyah/dev/caravel-ELITS/openlane/top_astria/runs/top_astria/reports/routing/fastroute.min_max.rpt
/home/irfansyah/dev/caravel-ELITS/openlane/top_astria/runs/top_astria/reports/routing/fastroute.timing.rpt
/home/irfansyah/dev/caravel-ELITS/openlane/top_astria/runs/top_astria/reports/placement/replace.rpt
/home/irfansyah/dev/caravel-ELITS/openlane/top_astria/runs/top_astria/reports/placement/replace_wns.rpt
/home/irfansyah/dev/caravel-ELITS/openlane/top_astria/runs/top_astria/reports/placement/replace_tns.rpt
/home/irfansyah/dev/caravel-ELITS/openlane/top_astria/runs/top_astria/reports/placement/replace.timing.rpt
/home/irfansyah/dev/caravel-ELITS/openlane/top_astria/runs/top_astria/reports/placement/replace.min_max.rpt
/home/irfansyah/dev/caravel-ELITS/openlane/top_astria/runs/top_astria/reports/synthesis/opensta_spef.min_max.rpt
/home/irfansyah/dev/caravel-ELITS/openlane/top_astria/runs/top_astria/reports/synthesis/opensta_spef_wns.rpt
/home/irfansyah/dev/caravel-ELITS/openlane/top_astria/runs/top_astria/reports/synthesis/opensta_wns.rpt
/home/irfansyah/dev/caravel-ELITS/openlane/top_astria/runs/top_astria/reports/synthesis/yosys_2.stat.rpt
/home/irfansyah/dev/caravel-ELITS/openlane/top_astria/runs/top_astria/reports/synthesis/yosys_pre.stat
/home/irfansyah/dev/caravel-ELITS/openlane/top_astria/runs/top_astria/reports/synthesis/opensta.rpt
/home/irfansyah/dev/caravel-ELITS/openlane/top_astria/runs/top_astria/reports/synthesis/opensta.min_max.rpt
/home/irfansyah/dev/caravel-ELITS/openlane/top_astria/runs/top_astria/reports/synthesis/opensta_spef_tns.rpt
/home/irfansyah/dev/caravel-ELITS/openlane/top_astria/runs/top_astria/reports/synthesis/opensta_tns.rpt
/home/irfansyah/dev/caravel-ELITS/openlane/top_astria/runs/top_astria/reports/synthesis/yosys_dff.stat
/home/irfansyah/dev/caravel-ELITS/openlane/top_astria/runs/top_astria/reports/synthesis/opensta_spef.timing.rpt
/home/irfansyah/dev/caravel-ELITS/openlane/top_astria/runs/top_astria/reports/synthesis/opensta_spef.rpt
/home/irfansyah/dev/caravel-ELITS/openlane/top_astria/runs/top_astria/reports/synthesis/opensta.timing.rpt
/home/irfansyah/dev/caravel-ELITS/openlane/top_astria/runs/top_astria/reports/synthesis/yosys_2.chk.rpt
/home/irfansyah/dev/caravel-ELITS/openlane/top_astria/runs/top_astria/tmp/magic_spice.tcl
/home/irfansyah/dev/caravel-ELITS/openlane/top_astria/runs/top_astria/tmp/trimmed.lib
/home/irfansyah/dev/caravel-ELITS/openlane/top_astria/runs/top_astria/tmp/tracks_copy.info
/home/irfansyah/dev/caravel-ELITS/openlane/top_astria/runs/top_astria/tmp/routing/tritonRoute.guide
/home/irfansyah/dev/caravel-ELITS/openlane/top_astria/runs/top_astria/tmp/routing/fastroute.guide
/home/irfansyah/dev/caravel-ELITS/openlane/top_astria/runs/top_astria/tmp/routing/tritonRoute.param
/home/irfansyah/dev/caravel-ELITS/openlane/top_astria/runs/top_astria/tmp/synthesis/yosys.sdc
/home/irfansyah/dev/caravel-ELITS/openlane/top_astria/runs/top_astria/tmp/synthesis/hierarchy.dot
/home/irfansyah/dev/caravel-ELITS/openlane/top_astria/runs/top_astria/logs/write_verilog.log
/home/irfansyah/dev/caravel-ELITS/openlane/top_astria/runs/top_astria/logs/floorplan/verilog2def.openroad.log
/home/irfansyah/dev/caravel-ELITS/openlane/top_astria/runs/top_astria/logs/floorplan/tapcell.log
/home/irfansyah/dev/caravel-ELITS/openlane/top_astria/runs/top_astria/logs/floorplan/tapcell_runtime.txt
/home/irfansyah/dev/caravel-ELITS/openlane/top_astria/runs/top_astria/logs/floorplan/pdn_runtime.txt
/home/irfansyah/dev/caravel-ELITS/openlane/top_astria/runs/top_astria/logs/floorplan/place_io_ol.log
/home/irfansyah/dev/caravel-ELITS/openlane/top_astria/runs/top_astria/logs/floorplan/pdn.log
/home/irfansyah/dev/caravel-ELITS/openlane/top_astria/runs/top_astria/logs/floorplan/verilog2def_openroad_runtime.txt
/home/irfansyah/dev/caravel-ELITS/openlane/top_astria/runs/top_astria/logs/routing/fastroute.log
/home/irfansyah/dev/caravel-ELITS/openlane/top_astria/runs/top_astria/logs/routing/or_antenna.log
/home/irfansyah/dev/caravel-ELITS/openlane/top_astria/runs/top_astria/logs/routing/tritonRoute_runtime.txt
/home/irfansyah/dev/caravel-ELITS/openlane/top_astria/runs/top_astria/logs/routing/spef_extraction.log
/home/irfansyah/dev/caravel-ELITS/openlane/top_astria/runs/top_astria/logs/routing/fastroute_runtime.txt
/home/irfansyah/dev/caravel-ELITS/openlane/top_astria/runs/top_astria/logs/routing/addspacers.log
/home/irfansyah/dev/caravel-ELITS/openlane/top_astria/runs/top_astria/logs/routing/tritonRoute.log
/home/irfansyah/dev/caravel-ELITS/openlane/top_astria/runs/top_astria/logs/routing/fastroute_post_antenna.log
/home/irfansyah/dev/caravel-ELITS/openlane/top_astria/runs/top_astria/logs/routing/addspacers_runtime.txt
/home/irfansyah/dev/caravel-ELITS/openlane/top_astria/runs/top_astria/logs/cts/cts_runtime.txt
/home/irfansyah/dev/caravel-ELITS/openlane/top_astria/runs/top_astria/logs/cts/cts.log
/home/irfansyah/dev/caravel-ELITS/openlane/top_astria/runs/top_astria/logs/placement/opendp_runtime.txt
/home/irfansyah/dev/caravel-ELITS/openlane/top_astria/runs/top_astria/logs/placement/replace.log
/home/irfansyah/dev/caravel-ELITS/openlane/top_astria/runs/top_astria/logs/placement/opendp.log
/home/irfansyah/dev/caravel-ELITS/openlane/top_astria/runs/top_astria/logs/placement/replace_runtime.txt
/home/irfansyah/dev/caravel-ELITS/openlane/top_astria/runs/top_astria/logs/synthesis/opensta_spef.log
/home/irfansyah/dev/caravel-ELITS/openlane/top_astria/runs/top_astria/logs/synthesis/opensta.log
/home/irfansyah/dev/caravel-ELITS/openlane/top_astria/runs/top_astria/logs/synthesis/yosys.log
/home/irfansyah/dev/caravel-ELITS/openlane/top_astria/runs/top_astria/logs/synthesis/yosys_rewrite_verilog.log
/home/irfansyah/dev/caravel-ELITS/openlane/top_astria/runs/top_astria/logs/synthesis/yosys_runtime.txt
/home/irfansyah/dev/caravel-ELITS/openlane/top_astria/runs/top_astria/logs/magic/magic.drc.log
/home/irfansyah/dev/caravel-ELITS/openlane/top_astria/runs/top_astria/logs/magic/magic.log
/home/irfansyah/dev/caravel-ELITS/openlane/top_astria/runs/top_astria/logs/magic/magic.maglef.log
/home/irfansyah/dev/caravel-ELITS/openlane/top_astria/runs/top_astria/logs/magic/magic_spice.log
/home/irfansyah/dev/caravel-ELITS/openlane/top_astria/runs/top_astria/logs/magic/magic.drc
/home/irfansyah/dev/caravel-ELITS/openlane/top_astria/runs/top_astria/logs/lvs/write_powered_verilog.log
/home/irfansyah/dev/caravel-ELITS/openlane/top_astria/runs/top_astria/logs/lvs/lvs.log
/home/irfansyah/dev/caravel-ELITS/openlane/mgmt_core/pdn.tcl
/home/irfansyah/dev/caravel-ELITS/openlane/mgmt_core/config.tcl
/home/irfansyah/dev/caravel-ELITS/openlane/user_project_wrapper/interactive.tcl
/home/irfansyah/dev/caravel-ELITS/openlane/user_project_wrapper/pdn.tcl
/home/irfansyah/dev/caravel-ELITS/openlane/user_project_wrapper/config.tcl
/home/irfansyah/dev/caravel-ELITS/openlane/user_project_wrapper/runs/user_project_wrapper/cmds.log
/home/irfansyah/dev/caravel-ELITS/openlane/user_project_wrapper/runs/user_project_wrapper/config.tcl
/home/irfansyah/dev/caravel-ELITS/openlane/user_project_wrapper/runs/user_project_wrapper/results/routing/user_project_wrapper.def.ref
/home/irfansyah/dev/caravel-ELITS/openlane/user_project_wrapper/runs/user_project_wrapper/results/synthesis/user_project_wrapper.synthesis.ve
/home/irfansyah/dev/caravel-ELITS/openlane/user_project_wrapper/runs/user_project_wrapper/results/synthesis/user_project_wrapper.synthesis.v
/home/irfansyah/dev/caravel-ELITS/openlane/user_project_wrapper/runs/user_project_wrapper/results/magic/user_project_wrapper.ext
/home/irfansyah/dev/caravel-ELITS/openlane/user_project_wrapper/runs/user_project_wrapper/results/magic/.magicrc
/home/irfansyah/dev/caravel-ELITS/openlane/user_project_wrapper/runs/user_project_wrapper/results/magic/top_astria.ext
/home/irfansyah/dev/caravel-ELITS/openlane/user_project_wrapper/runs/user_project_wrapper/results/magic/user_project_wrapper.spice
/home/irfansyah/dev/caravel-ELITS/openlane/user_project_wrapper/runs/user_project_wrapper/results/lvs/user_project_wrapper.lvs.log
/home/irfansyah/dev/caravel-ELITS/openlane/user_project_wrapper/runs/user_project_wrapper/results/lvs/user_project_wrapper.lvs.json
/home/irfansyah/dev/caravel-ELITS/openlane/user_project_wrapper/runs/user_project_wrapper/results/lvs/user_project_wrapper.lvs_parsed.log
/home/irfansyah/dev/caravel-ELITS/openlane/user_project_wrapper/runs/user_project_wrapper/reports/floorplan/verilog2def.core_area.rpt
/home/irfansyah/dev/caravel-ELITS/openlane/user_project_wrapper/runs/user_project_wrapper/reports/floorplan/verilog2def.die_area.rpt
/home/irfansyah/dev/caravel-ELITS/openlane/user_project_wrapper/runs/user_project_wrapper/reports/routing/tritonRoute.klayout.xml
/home/irfansyah/dev/caravel-ELITS/openlane/user_project_wrapper/runs/user_project_wrapper/reports/routing/fastroute_wns.rpt
/home/irfansyah/dev/caravel-ELITS/openlane/user_project_wrapper/runs/user_project_wrapper/reports/routing/fastroute_tns.rpt
/home/irfansyah/dev/caravel-ELITS/openlane/user_project_wrapper/runs/user_project_wrapper/reports/routing/fastroute.rpt
/home/irfansyah/dev/caravel-ELITS/openlane/user_project_wrapper/runs/user_project_wrapper/reports/routing/antenna.rpt
/home/irfansyah/dev/caravel-ELITS/openlane/user_project_wrapper/runs/user_project_wrapper/reports/routing/fastroute.min_max.rpt
/home/irfansyah/dev/caravel-ELITS/openlane/user_project_wrapper/runs/user_project_wrapper/reports/routing/fastroute.timing.rpt
/home/irfansyah/dev/caravel-ELITS/openlane/user_project_wrapper/runs/user_project_wrapper/reports/synthesis/yosys.stat.rpt
/home/irfansyah/dev/caravel-ELITS/openlane/user_project_wrapper/runs/user_project_wrapper/reports/synthesis/yosys_.chk.rpt
/home/irfansyah/dev/caravel-ELITS/openlane/user_project_wrapper/runs/user_project_wrapper/reports/synthesis/yosys_synth.stat
/home/irfansyah/dev/caravel-ELITS/openlane/user_project_wrapper/runs/user_project_wrapper/tmp/magic_spice.tcl
/home/irfansyah/dev/caravel-ELITS/openlane/user_project_wrapper/runs/user_project_wrapper/tmp/trimmed.lib
/home/irfansyah/dev/caravel-ELITS/openlane/user_project_wrapper/runs/user_project_wrapper/tmp/tracks_copy.info
/home/irfansyah/dev/caravel-ELITS/openlane/user_project_wrapper/runs/user_project_wrapper/tmp/routing/tritonRoute.guide
/home/irfansyah/dev/caravel-ELITS/openlane/user_project_wrapper/runs/user_project_wrapper/tmp/routing/fastroute.guide
/home/irfansyah/dev/caravel-ELITS/openlane/user_project_wrapper/runs/user_project_wrapper/tmp/routing/tritonRoute.param
/home/irfansyah/dev/caravel-ELITS/openlane/user_project_wrapper/runs/user_project_wrapper/tmp/synthesis/hierarchy.dot
/home/irfansyah/dev/caravel-ELITS/openlane/user_project_wrapper/runs/user_project_wrapper/logs/macro_placement.log
/home/irfansyah/dev/caravel-ELITS/openlane/user_project_wrapper/runs/user_project_wrapper/logs/floorplan/verilog2def.openroad.log
/home/irfansyah/dev/caravel-ELITS/openlane/user_project_wrapper/runs/user_project_wrapper/logs/floorplan/pdn_runtime.txt
/home/irfansyah/dev/caravel-ELITS/openlane/user_project_wrapper/runs/user_project_wrapper/logs/floorplan/place_io_ol.log
/home/irfansyah/dev/caravel-ELITS/openlane/user_project_wrapper/runs/user_project_wrapper/logs/floorplan/pdn.log
/home/irfansyah/dev/caravel-ELITS/openlane/user_project_wrapper/runs/user_project_wrapper/logs/floorplan/verilog2def_openroad_runtime.txt
/home/irfansyah/dev/caravel-ELITS/openlane/user_project_wrapper/runs/user_project_wrapper/logs/routing/fastroute.log
/home/irfansyah/dev/caravel-ELITS/openlane/user_project_wrapper/runs/user_project_wrapper/logs/routing/or_antenna.log
/home/irfansyah/dev/caravel-ELITS/openlane/user_project_wrapper/runs/user_project_wrapper/logs/routing/tritonRoute_runtime.txt
/home/irfansyah/dev/caravel-ELITS/openlane/user_project_wrapper/runs/user_project_wrapper/logs/routing/fastroute_runtime.txt
/home/irfansyah/dev/caravel-ELITS/openlane/user_project_wrapper/runs/user_project_wrapper/logs/routing/tritonRoute.log
/home/irfansyah/dev/caravel-ELITS/openlane/user_project_wrapper/runs/user_project_wrapper/logs/synthesis/yosys.log
/home/irfansyah/dev/caravel-ELITS/openlane/user_project_wrapper/runs/user_project_wrapper/logs/synthesis/yosys_runtime.txt
/home/irfansyah/dev/caravel-ELITS/openlane/user_project_wrapper/runs/user_project_wrapper/logs/magic/magic.drc.log
/home/irfansyah/dev/caravel-ELITS/openlane/user_project_wrapper/runs/user_project_wrapper/logs/magic/magic.log
/home/irfansyah/dev/caravel-ELITS/openlane/user_project_wrapper/runs/user_project_wrapper/logs/magic/magic.maglef.log
/home/irfansyah/dev/caravel-ELITS/openlane/user_project_wrapper/runs/user_project_wrapper/logs/magic/magic_spice.log
/home/irfansyah/dev/caravel-ELITS/openlane/user_project_wrapper/runs/user_project_wrapper/logs/magic/magic.drc
/home/irfansyah/dev/caravel-ELITS/openlane/user_project_wrapper/runs/user_project_wrapper/logs/magic/magic_ext2spice.feedback.txt
/home/irfansyah/dev/caravel-ELITS/openlane/user_project_wrapper/runs/user_project_wrapper/logs/lvs/lvs.log
/home/irfansyah/dev/caravel-ELITS/openlane/mgmt_protect_hv/config.tcl
/home/irfansyah/dev/caravel-ELITS/openlane/user_id_programming/config.tcl
/home/irfansyah/dev/caravel-ELITS/openlane/user_project_wrapper_empty/gen_pdn.tcl
/home/irfansyah/dev/caravel-ELITS/openlane/user_project_wrapper_empty/interactive.tcl
/home/irfansyah/dev/caravel-ELITS/openlane/user_project_wrapper_empty/pdn.tcl
/home/irfansyah/dev/caravel-ELITS/openlane/user_project_wrapper_empty/config.tcl
/home/irfansyah/dev/caravel-ELITS/openlane/gpio_control_block/config.tcl
/home/irfansyah/dev/caravel-ELITS/openlane/user_proj_example/config.tcl
/home/irfansyah/dev/caravel-ELITS/openlane/user_proj_example/runs/user_proj_example/cmds.log
/home/irfansyah/dev/caravel-ELITS/openlane/user_proj_example/runs/user_proj_example/config.tcl
/home/irfansyah/dev/caravel-ELITS/openlane/user_proj_example/runs/user_proj_example/results/routing/user_proj_example.def.ref
/home/irfansyah/dev/caravel-ELITS/openlane/user_proj_example/runs/user_proj_example/results/routing/user_proj_example.spef
/home/irfansyah/dev/caravel-ELITS/openlane/user_proj_example/runs/user_proj_example/results/synthesis/user_proj_example.synthesis_preroute.v
/home/irfansyah/dev/caravel-ELITS/openlane/user_proj_example/runs/user_proj_example/results/synthesis/user_proj_example.synthesis_cts.v
/home/irfansyah/dev/caravel-ELITS/openlane/user_proj_example/runs/user_proj_example/results/synthesis/user_proj_example.synthesis.v
/home/irfansyah/dev/caravel-ELITS/openlane/user_proj_example/runs/user_proj_example/results/synthesis/user_proj_example.synthesis_optimized.v
/home/irfansyah/dev/caravel-ELITS/openlane/user_proj_example/runs/user_proj_example/results/synthesis/user_proj_example.synthesis.ve
/home/irfansyah/dev/caravel-ELITS/openlane/user_proj_example/runs/user_proj_example/results/magic/sky130_fd_sc_hd__tapvpwrvgnd_1.ext
/home/irfansyah/dev/caravel-ELITS/openlane/user_proj_example/runs/user_proj_example/results/magic/sky130_fd_sc_hd__fill_1.ext
/home/irfansyah/dev/caravel-ELITS/openlane/user_proj_example/runs/user_proj_example/results/magic/sky130_fd_sc_hd__a21bo_4.ext
/home/irfansyah/dev/caravel-ELITS/openlane/user_proj_example/runs/user_proj_example/results/magic/sky130_fd_sc_hd__a32o_4.ext
/home/irfansyah/dev/caravel-ELITS/openlane/user_proj_example/runs/user_proj_example/results/magic/sky130_fd_sc_hd__or4_4.ext
/home/irfansyah/dev/caravel-ELITS/openlane/user_proj_example/runs/user_proj_example/results/magic/sky130_fd_sc_hd__and3_4.ext
/home/irfansyah/dev/caravel-ELITS/openlane/user_proj_example/runs/user_proj_example/results/magic/sky130_fd_sc_hd__decap_3.ext
/home/irfansyah/dev/caravel-ELITS/openlane/user_proj_example/runs/user_proj_example/results/magic/sky130_fd_sc_hd__buf_2.ext
/home/irfansyah/dev/caravel-ELITS/openlane/user_proj_example/runs/user_proj_example/results/magic/.magicrc
/home/irfansyah/dev/caravel-ELITS/openlane/user_proj_example/runs/user_proj_example/results/magic/sky130_fd_sc_hd__or2_4.ext
/home/irfansyah/dev/caravel-ELITS/openlane/user_proj_example/runs/user_proj_example/results/magic/sky130_fd_sc_hd__decap_8.ext
/home/irfansyah/dev/caravel-ELITS/openlane/user_proj_example/runs/user_proj_example/results/magic/sky130_fd_sc_hd__decap_6.ext
/home/irfansyah/dev/caravel-ELITS/openlane/user_proj_example/runs/user_proj_example/results/magic/sky130_fd_sc_hd__clkbuf_1.ext
/home/irfansyah/dev/caravel-ELITS/openlane/user_proj_example/runs/user_proj_example/results/magic/sky130_fd_sc_hd__decap_4.ext
/home/irfansyah/dev/caravel-ELITS/openlane/user_proj_example/runs/user_proj_example/results/magic/sky130_fd_sc_hd__o22a_4.ext
/home/irfansyah/dev/caravel-ELITS/openlane/user_proj_example/runs/user_proj_example/results/magic/sky130_fd_sc_hd__buf_4.ext
/home/irfansyah/dev/caravel-ELITS/openlane/user_proj_example/runs/user_proj_example/results/magic/sky130_fd_sc_hd__or3_4.ext
/home/irfansyah/dev/caravel-ELITS/openlane/user_proj_example/runs/user_proj_example/results/magic/sky130_fd_sc_hd__diode_2.ext
/home/irfansyah/dev/caravel-ELITS/openlane/user_proj_example/runs/user_proj_example/results/magic/sky130_fd_sc_hd__a21o_4.ext
/home/irfansyah/dev/caravel-ELITS/openlane/user_proj_example/runs/user_proj_example/results/magic/sky130_fd_sc_hd__a211o_4.ext
/home/irfansyah/dev/caravel-ELITS/openlane/user_proj_example/runs/user_proj_example/results/magic/sky130_fd_sc_hd__conb_1.ext
/home/irfansyah/dev/caravel-ELITS/openlane/user_proj_example/runs/user_proj_example/results/magic/user_proj_example.ext
/home/irfansyah/dev/caravel-ELITS/openlane/user_proj_example/runs/user_proj_example/results/magic/sky130_fd_sc_hd__inv_2.ext
/home/irfansyah/dev/caravel-ELITS/openlane/user_proj_example/runs/user_proj_example/results/magic/sky130_fd_sc_hd__dfxtp_4.ext
/home/irfansyah/dev/caravel-ELITS/openlane/user_proj_example/runs/user_proj_example/results/magic/sky130_fd_sc_hd__clkbuf_16.ext
/home/irfansyah/dev/caravel-ELITS/openlane/user_proj_example/runs/user_proj_example/results/magic/sky130_fd_sc_hd__nor2_4.ext
/home/irfansyah/dev/caravel-ELITS/openlane/user_proj_example/runs/user_proj_example/results/magic/user_proj_example.spice
/home/irfansyah/dev/caravel-ELITS/openlane/user_proj_example/runs/user_proj_example/results/magic/sky130_fd_sc_hd__a2bb2o_4.ext
/home/irfansyah/dev/caravel-ELITS/openlane/user_proj_example/runs/user_proj_example/results/magic/sky130_fd_sc_hd__fill_2.ext
/home/irfansyah/dev/caravel-ELITS/openlane/user_proj_example/runs/user_proj_example/results/magic/sky130_fd_sc_hd__and2_4.ext
/home/irfansyah/dev/caravel-ELITS/openlane/user_proj_example/runs/user_proj_example/results/magic/sky130_fd_sc_hd__decap_12.ext
/home/irfansyah/dev/caravel-ELITS/openlane/user_proj_example/runs/user_proj_example/results/magic/sky130_fd_sc_hd__o21ai_4.ext
/home/irfansyah/dev/caravel-ELITS/openlane/user_proj_example/runs/user_proj_example/results/magic/sky130_fd_sc_hd__nand2_4.ext
/home/irfansyah/dev/caravel-ELITS/openlane/user_proj_example/runs/user_proj_example/results/lvs/user_proj_example.lvs_parsed.log
/home/irfansyah/dev/caravel-ELITS/openlane/user_proj_example/runs/user_proj_example/results/lvs/user_proj_example.lvs.powered.v
/home/irfansyah/dev/caravel-ELITS/openlane/user_proj_example/runs/user_proj_example/results/lvs/user_proj_example.lvs.json
/home/irfansyah/dev/caravel-ELITS/openlane/user_proj_example/runs/user_proj_example/results/lvs/user_proj_example.lvs.log
/home/irfansyah/dev/caravel-ELITS/openlane/user_proj_example/runs/user_proj_example/reports/runtime.txt
/home/irfansyah/dev/caravel-ELITS/openlane/user_proj_example/runs/user_proj_example/reports/floorplan/verilog2def.core_area.rpt
/home/irfansyah/dev/caravel-ELITS/openlane/user_proj_example/runs/user_proj_example/reports/floorplan/verilog2def.die_area.rpt
/home/irfansyah/dev/caravel-ELITS/openlane/user_proj_example/runs/user_proj_example/reports/routing/tritonRoute.klayout.xml
/home/irfansyah/dev/caravel-ELITS/openlane/user_proj_example/runs/user_proj_example/reports/routing/fastroute_wns.rpt
/home/irfansyah/dev/caravel-ELITS/openlane/user_proj_example/runs/user_proj_example/reports/routing/fastroute_tns.rpt
/home/irfansyah/dev/caravel-ELITS/openlane/user_proj_example/runs/user_proj_example/reports/routing/fastroute.rpt
/home/irfansyah/dev/caravel-ELITS/openlane/user_proj_example/runs/user_proj_example/reports/routing/antenna.rpt
/home/irfansyah/dev/caravel-ELITS/openlane/user_proj_example/runs/user_proj_example/reports/routing/fastroute.min_max.rpt
/home/irfansyah/dev/caravel-ELITS/openlane/user_proj_example/runs/user_proj_example/reports/routing/fastroute.timing.rpt
/home/irfansyah/dev/caravel-ELITS/openlane/user_proj_example/runs/user_proj_example/reports/placement/openphysyn_allchecks.rpt
/home/irfansyah/dev/caravel-ELITS/openlane/user_proj_example/runs/user_proj_example/reports/placement/replace.rpt
/home/irfansyah/dev/caravel-ELITS/openlane/user_proj_example/runs/user_proj_example/reports/placement/openphysyn_wns.rpt
/home/irfansyah/dev/caravel-ELITS/openlane/user_proj_example/runs/user_proj_example/reports/placement/replace_wns.rpt
/home/irfansyah/dev/caravel-ELITS/openlane/user_proj_example/runs/user_proj_example/reports/placement/replace_tns.rpt
/home/irfansyah/dev/caravel-ELITS/openlane/user_proj_example/runs/user_proj_example/reports/placement/openphysyn_tns.rpt
/home/irfansyah/dev/caravel-ELITS/openlane/user_proj_example/runs/user_proj_example/reports/placement/replace.timing.rpt
/home/irfansyah/dev/caravel-ELITS/openlane/user_proj_example/runs/user_proj_example/reports/placement/replace.min_max.rpt
/home/irfansyah/dev/caravel-ELITS/openlane/user_proj_example/runs/user_proj_example/reports/synthesis/opensta_spef.min_max.rpt
/home/irfansyah/dev/caravel-ELITS/openlane/user_proj_example/runs/user_proj_example/reports/synthesis/opensta_spef_wns.rpt
/home/irfansyah/dev/caravel-ELITS/openlane/user_proj_example/runs/user_proj_example/reports/synthesis/opensta_wns.rpt
/home/irfansyah/dev/caravel-ELITS/openlane/user_proj_example/runs/user_proj_example/reports/synthesis/opensta_post_openphysyn_tns.rpt
/home/irfansyah/dev/caravel-ELITS/openlane/user_proj_example/runs/user_proj_example/reports/synthesis/yosys_2.stat.rpt
/home/irfansyah/dev/caravel-ELITS/openlane/user_proj_example/runs/user_proj_example/reports/synthesis/yosys_pre.stat
/home/irfansyah/dev/caravel-ELITS/openlane/user_proj_example/runs/user_proj_example/reports/synthesis/opensta.rpt
/home/irfansyah/dev/caravel-ELITS/openlane/user_proj_example/runs/user_proj_example/reports/synthesis/opensta.min_max.rpt
/home/irfansyah/dev/caravel-ELITS/openlane/user_proj_example/runs/user_proj_example/reports/synthesis/opensta_spef_tns.rpt
/home/irfansyah/dev/caravel-ELITS/openlane/user_proj_example/runs/user_proj_example/reports/synthesis/opensta_tns.rpt
/home/irfansyah/dev/caravel-ELITS/openlane/user_proj_example/runs/user_proj_example/reports/synthesis/yosys_dff.stat
/home/irfansyah/dev/caravel-ELITS/openlane/user_proj_example/runs/user_proj_example/reports/synthesis/opensta_spef.timing.rpt
/home/irfansyah/dev/caravel-ELITS/openlane/user_proj_example/runs/user_proj_example/reports/synthesis/opensta_post_openphysyn.rpt
/home/irfansyah/dev/caravel-ELITS/openlane/user_proj_example/runs/user_proj_example/reports/synthesis/opensta_spef.rpt
/home/irfansyah/dev/caravel-ELITS/openlane/user_proj_example/runs/user_proj_example/reports/synthesis/opensta.timing.rpt
/home/irfansyah/dev/caravel-ELITS/openlane/user_proj_example/runs/user_proj_example/reports/synthesis/opensta_post_openphysyn.min_max.rpt
/home/irfansyah/dev/caravel-ELITS/openlane/user_proj_example/runs/user_proj_example/reports/synthesis/yosys_2.chk.rpt
/home/irfansyah/dev/caravel-ELITS/openlane/user_proj_example/runs/user_proj_example/reports/synthesis/opensta_post_openphysyn.timing.rpt
/home/irfansyah/dev/caravel-ELITS/openlane/user_proj_example/runs/user_proj_example/reports/synthesis/opensta_post_openphysyn_wns.rpt
/home/irfansyah/dev/caravel-ELITS/openlane/user_proj_example/runs/user_proj_example/tmp/magic_spice.tcl
/home/irfansyah/dev/caravel-ELITS/openlane/user_proj_example/runs/user_proj_example/tmp/opt.lib
/home/irfansyah/dev/caravel-ELITS/openlane/user_proj_example/runs/user_proj_example/tmp/trimmed.lib
/home/irfansyah/dev/caravel-ELITS/openlane/user_proj_example/runs/user_proj_example/tmp/tracks_copy.info
/home/irfansyah/dev/caravel-ELITS/openlane/user_proj_example/runs/user_proj_example/tmp/routing/tritonRoute.guide
/home/irfansyah/dev/caravel-ELITS/openlane/user_proj_example/runs/user_proj_example/tmp/routing/fastroute.guide
/home/irfansyah/dev/caravel-ELITS/openlane/user_proj_example/runs/user_proj_example/tmp/routing/tritonRoute.param
/home/irfansyah/dev/caravel-ELITS/openlane/user_proj_example/runs/user_proj_example/tmp/synthesis/yosys.sdc
/home/irfansyah/dev/caravel-ELITS/openlane/user_proj_example/runs/user_proj_example/tmp/synthesis/hierarchy.dot
/home/irfansyah/dev/caravel-ELITS/openlane/user_proj_example/runs/user_proj_example/logs/write_verilog.log
/home/irfansyah/dev/caravel-ELITS/openlane/user_proj_example/runs/user_proj_example/logs/floorplan/verilog2def.openroad.log
/home/irfansyah/dev/caravel-ELITS/openlane/user_proj_example/runs/user_proj_example/logs/floorplan/tapcell.log
/home/irfansyah/dev/caravel-ELITS/openlane/user_proj_example/runs/user_proj_example/logs/floorplan/tapcell_runtime.txt
/home/irfansyah/dev/caravel-ELITS/openlane/user_proj_example/runs/user_proj_example/logs/floorplan/pdn_runtime.txt
/home/irfansyah/dev/caravel-ELITS/openlane/user_proj_example/runs/user_proj_example/logs/floorplan/place_io_ol.log
/home/irfansyah/dev/caravel-ELITS/openlane/user_proj_example/runs/user_proj_example/logs/floorplan/pdn.log
/home/irfansyah/dev/caravel-ELITS/openlane/user_proj_example/runs/user_proj_example/logs/floorplan/verilog2def_openroad_runtime.txt
/home/irfansyah/dev/caravel-ELITS/openlane/user_proj_example/runs/user_proj_example/logs/routing/fastroute.log
/home/irfansyah/dev/caravel-ELITS/openlane/user_proj_example/runs/user_proj_example/logs/routing/or_antenna.log
/home/irfansyah/dev/caravel-ELITS/openlane/user_proj_example/runs/user_proj_example/logs/routing/tritonRoute_runtime.txt
/home/irfansyah/dev/caravel-ELITS/openlane/user_proj_example/runs/user_proj_example/logs/routing/spef_extraction.log
/home/irfansyah/dev/caravel-ELITS/openlane/user_proj_example/runs/user_proj_example/logs/routing/fastroute_runtime.txt
/home/irfansyah/dev/caravel-ELITS/openlane/user_proj_example/runs/user_proj_example/logs/routing/addspacers.log
/home/irfansyah/dev/caravel-ELITS/openlane/user_proj_example/runs/user_proj_example/logs/routing/tritonRoute.log
/home/irfansyah/dev/caravel-ELITS/openlane/user_proj_example/runs/user_proj_example/logs/routing/fastroute_post_antenna.log
/home/irfansyah/dev/caravel-ELITS/openlane/user_proj_example/runs/user_proj_example/logs/routing/addspacers_runtime.txt
/home/irfansyah/dev/caravel-ELITS/openlane/user_proj_example/runs/user_proj_example/logs/cts/cts_runtime.txt
/home/irfansyah/dev/caravel-ELITS/openlane/user_proj_example/runs/user_proj_example/logs/cts/cts.log
/home/irfansyah/dev/caravel-ELITS/openlane/user_proj_example/runs/user_proj_example/logs/placement/opendp_runtime.txt
/home/irfansyah/dev/caravel-ELITS/openlane/user_proj_example/runs/user_proj_example/logs/placement/openphysyn_runtime.txt
/home/irfansyah/dev/caravel-ELITS/openlane/user_proj_example/runs/user_proj_example/logs/placement/openphysyn.log
/home/irfansyah/dev/caravel-ELITS/openlane/user_proj_example/runs/user_proj_example/logs/placement/replace.log
/home/irfansyah/dev/caravel-ELITS/openlane/user_proj_example/runs/user_proj_example/logs/placement/opendp.log
/home/irfansyah/dev/caravel-ELITS/openlane/user_proj_example/runs/user_proj_example/logs/placement/replace_runtime.txt
/home/irfansyah/dev/caravel-ELITS/openlane/user_proj_example/runs/user_proj_example/logs/synthesis/opensta_spef.log
/home/irfansyah/dev/caravel-ELITS/openlane/user_proj_example/runs/user_proj_example/logs/synthesis/opensta_post_openphysyn.log
/home/irfansyah/dev/caravel-ELITS/openlane/user_proj_example/runs/user_proj_example/logs/synthesis/opensta.log
/home/irfansyah/dev/caravel-ELITS/openlane/user_proj_example/runs/user_proj_example/logs/synthesis/yosys.log
/home/irfansyah/dev/caravel-ELITS/openlane/user_proj_example/runs/user_proj_example/logs/synthesis/yosys_rewrite_verilog.log
/home/irfansyah/dev/caravel-ELITS/openlane/user_proj_example/runs/user_proj_example/logs/synthesis/yosys_runtime.txt
/home/irfansyah/dev/caravel-ELITS/openlane/user_proj_example/runs/user_proj_example/logs/magic/magic.drc.log
/home/irfansyah/dev/caravel-ELITS/openlane/user_proj_example/runs/user_proj_example/logs/magic/magic.log
/home/irfansyah/dev/caravel-ELITS/openlane/user_proj_example/runs/user_proj_example/logs/magic/magic.maglef.log
/home/irfansyah/dev/caravel-ELITS/openlane/user_proj_example/runs/user_proj_example/logs/magic/magic_spice.log
/home/irfansyah/dev/caravel-ELITS/openlane/user_proj_example/runs/user_proj_example/logs/magic/magic.drc
/home/irfansyah/dev/caravel-ELITS/openlane/user_proj_example/runs/user_proj_example/logs/lvs/write_powered_verilog.log
/home/irfansyah/dev/caravel-ELITS/openlane/user_proj_example/runs/user_proj_example/logs/lvs/lvs.log
/home/irfansyah/dev/caravel-ELITS/openlane/mgmt_protect/config.tcl
/home/irfansyah/dev/caravel-ELITS/openlane/DFFRAM/README.md
/home/irfansyah/dev/caravel-ELITS/openlane/DFFRAM/pdn.tcl
/home/irfansyah/dev/caravel-ELITS/openlane/DFFRAM/config.tcl
/home/irfansyah/dev/caravel-ELITS/openlane/caravel/interactive.tcl
/home/irfansyah/dev/caravel-ELITS/openlane/caravel/interactive.lvs.tcl
/home/irfansyah/dev/caravel-ELITS/openlane/caravel/config.tcl
/home/irfansyah/dev/caravel-ELITS/ngspice/digital_pll/inverter_tb.spi
/home/irfansyah/dev/caravel-ELITS/ngspice/digital_pll/digital_pll.spice
/home/irfansyah/dev/caravel-ELITS/ngspice/digital_pll/ring_osc2x13_tb2.spice
/home/irfansyah/dev/caravel-ELITS/ngspice/digital_pll/digital_pll_controller.xspice
/home/irfansyah/dev/caravel-ELITS/ngspice/digital_pll/ring_osc2x13_tb.spice
/home/irfansyah/dev/caravel-ELITS/ngspice/digital_pll/ring_osc2x13.spice
/home/irfansyah/dev/caravel-ELITS/ngspice/digital_pll/ring_osc2x13.spice.bak
/home/irfansyah/dev/caravel-ELITS/ngspice/digital_pll/digital_pll_tb.spice
/home/irfansyah/dev/caravel-ELITS/ngspice/simple_por/current_test.spice
/home/irfansyah/dev/caravel-ELITS/ngspice/simple_por/simple_por_tb.spice
/home/irfansyah/dev/caravel-ELITS/ngspice/simple_por/simple_por.spice
/home/irfansyah/dev/caravel-ELITS/ngspice/simple_por/threshold_test_tb.spice
/home/irfansyah/dev/caravel-ELITS/verilog/rtl/simple_por.v
/home/irfansyah/dev/caravel-ELITS/verilog/rtl/user_project_wrapper.v
/home/irfansyah/dev/caravel-ELITS/verilog/rtl/ring_osc2x13.v
/home/irfansyah/dev/caravel-ELITS/verilog/rtl/housekeeping_spi.v
/home/irfansyah/dev/caravel-ELITS/verilog/rtl/DFFRAM.v
/home/irfansyah/dev/caravel-ELITS/verilog/rtl/counter_timer_low.v
/home/irfansyah/dev/caravel-ELITS/verilog/rtl/sram_1rw1r_32_256_8_sky130.v
/home/irfansyah/dev/caravel-ELITS/verilog/rtl/wb_intercon.v
/home/irfansyah/dev/caravel-ELITS/verilog/rtl/mgmt_core.v
/home/irfansyah/dev/caravel-ELITS/verilog/rtl/caravel_clocking.v
/home/irfansyah/dev/caravel-ELITS/verilog/rtl/simpleuart.v
/home/irfansyah/dev/caravel-ELITS/verilog/rtl/top_astria.v
/home/irfansyah/dev/caravel-ELITS/verilog/rtl/user_proj_example.v
/home/irfansyah/dev/caravel-ELITS/verilog/rtl/mgmt_soc.v
/home/irfansyah/dev/caravel-ELITS/verilog/rtl/counter_timer_high.v
/home/irfansyah/dev/caravel-ELITS/verilog/rtl/clock_div.v
/home/irfansyah/dev/caravel-ELITS/verilog/rtl/gpio_control_block.v
/home/irfansyah/dev/caravel-ELITS/verilog/rtl/picorv32.v
/home/irfansyah/dev/caravel-ELITS/verilog/rtl/mem_wb.v
/home/irfansyah/dev/caravel-ELITS/verilog/rtl/mgmt_protect_hv.v
/home/irfansyah/dev/caravel-ELITS/verilog/rtl/defines.v
/home/irfansyah/dev/caravel-ELITS/verilog/rtl/gpio_wb.v
/home/irfansyah/dev/caravel-ELITS/verilog/rtl/mprj_ctrl.v
/home/irfansyah/dev/caravel-ELITS/verilog/rtl/mgmt_protect.v
/home/irfansyah/dev/caravel-ELITS/verilog/rtl/DFFRAMBB.v
/home/irfansyah/dev/caravel-ELITS/verilog/rtl/convert_gpio_sigs.v
/home/irfansyah/dev/caravel-ELITS/verilog/rtl/user_id_programming.v
/home/irfansyah/dev/caravel-ELITS/verilog/rtl/sky130_fd_sc_hvl__lsbufhv2lv_1_wrapped.v
/home/irfansyah/dev/caravel-ELITS/verilog/rtl/la_wb.v
/home/irfansyah/dev/caravel-ELITS/verilog/rtl/pads.v
/home/irfansyah/dev/caravel-ELITS/verilog/rtl/digital_pll.v
/home/irfansyah/dev/caravel-ELITS/verilog/rtl/storage_bridge_wb.v
/home/irfansyah/dev/caravel-ELITS/verilog/rtl/spimemio.v
/home/irfansyah/dev/caravel-ELITS/verilog/rtl/simple_spi_master.v
/home/irfansyah/dev/caravel-ELITS/verilog/rtl/digital_pll_controller.v
/home/irfansyah/dev/caravel-ELITS/verilog/rtl/sysctrl.v
/home/irfansyah/dev/caravel-ELITS/verilog/rtl/storage.v
/home/irfansyah/dev/caravel-ELITS/verilog/rtl/README
/home/irfansyah/dev/caravel-ELITS/verilog/rtl/caravel.v
/home/irfansyah/dev/caravel-ELITS/verilog/rtl/mprj_io.v
/home/irfansyah/dev/caravel-ELITS/verilog/rtl/chip_io.v
/home/irfansyah/dev/caravel-ELITS/verilog/stubs/sky130_fd_io__top_xres4v2.v
/home/irfansyah/dev/caravel-ELITS/verilog/gl/simple_por.v
/home/irfansyah/dev/caravel-ELITS/verilog/gl/user_project_wrapper.v
/home/irfansyah/dev/caravel-ELITS/verilog/gl/DFFRAM.v
/home/irfansyah/dev/caravel-ELITS/verilog/gl/mgmt_core.v
/home/irfansyah/dev/caravel-ELITS/verilog/gl/top_astria.v
/home/irfansyah/dev/caravel-ELITS/verilog/gl/user_proj_example.v
/home/irfansyah/dev/caravel-ELITS/verilog/gl/gpio_control_block.v
/home/irfansyah/dev/caravel-ELITS/verilog/gl/mgmt_protect_hv.v
/home/irfansyah/dev/caravel-ELITS/verilog/gl/mgmt_protect.v
/home/irfansyah/dev/caravel-ELITS/verilog/gl/user_id_programming.v
/home/irfansyah/dev/caravel-ELITS/verilog/gl/sky130_fd_sc_hvl__lsbufhv2lv_1_wrapped.v
/home/irfansyah/dev/caravel-ELITS/verilog/gl/digital_pll.v
/home/irfansyah/dev/caravel-ELITS/verilog/gl/storage.v
/home/irfansyah/dev/caravel-ELITS/verilog/gl/caravel.v
/home/irfansyah/dev/caravel-ELITS/verilog/gl/chip_io.v
/home/irfansyah/dev/caravel-ELITS/verilog/dv/dummy_slave.v
/home/irfansyah/dev/caravel-ELITS/verilog/dv/wb_utests/Makefile
/home/irfansyah/dev/caravel-ELITS/verilog/dv/wb_utests/sysctrl_wb/sysctrl_wb_tb.v
/home/irfansyah/dev/caravel-ELITS/verilog/dv/wb_utests/sysctrl_wb/Makefile
/home/irfansyah/dev/caravel-ELITS/verilog/dv/wb_utests/la_wb/la_wb_tb.v
/home/irfansyah/dev/caravel-ELITS/verilog/dv/wb_utests/la_wb/Makefile
/home/irfansyah/dev/caravel-ELITS/verilog/dv/wb_utests/gpio_wb/gpio_wb_tb.v
/home/irfansyah/dev/caravel-ELITS/verilog/dv/wb_utests/gpio_wb/Makefile
/home/irfansyah/dev/caravel-ELITS/verilog/dv/wb_utests/mem_wb/Makefile
/home/irfansyah/dev/caravel-ELITS/verilog/dv/wb_utests/mem_wb/mem_wb_tb.v
/home/irfansyah/dev/caravel-ELITS/verilog/dv/wb_utests/storage_wb/storage_wb_tb.v
/home/irfansyah/dev/caravel-ELITS/verilog/dv/wb_utests/storage_wb/Makefile
/home/irfansyah/dev/caravel-ELITS/verilog/dv/wb_utests/spi_sysctrl_wb/spi_sysctrl_wb_tb.v
/home/irfansyah/dev/caravel-ELITS/verilog/dv/wb_utests/spi_sysctrl_wb/Makefile
/home/irfansyah/dev/caravel-ELITS/verilog/dv/wb_utests/mprj_ctrl/Makefile
/home/irfansyah/dev/caravel-ELITS/verilog/dv/wb_utests/mprj_ctrl/mprj_ctrl_tb.v
/home/irfansyah/dev/caravel-ELITS/verilog/dv/wb_utests/uart_wb/Makefile
/home/irfansyah/dev/caravel-ELITS/verilog/dv/wb_utests/uart_wb/uart_wb_tb.v
/home/irfansyah/dev/caravel-ELITS/verilog/dv/wb_utests/spimemio_wb/flash.hex
/home/irfansyah/dev/caravel-ELITS/verilog/dv/wb_utests/spimemio_wb/Makefile
/home/irfansyah/dev/caravel-ELITS/verilog/dv/wb_utests/spimemio_wb/spimemio_wb_tb.v
/home/irfansyah/dev/caravel-ELITS/verilog/dv/wb_utests/intercon_wb/intercon_wb_tb.v
/home/irfansyah/dev/caravel-ELITS/verilog/dv/wb_utests/intercon_wb/Makefile
/home/irfansyah/dev/caravel-ELITS/verilog/dv/caravel/start.s
/home/irfansyah/dev/caravel-ELITS/verilog/dv/caravel/defs.h
/home/irfansyah/dev/caravel-ELITS/verilog/dv/caravel/spiflash.v
/home/irfansyah/dev/caravel-ELITS/verilog/dv/caravel/tbuart.v
/home/irfansyah/dev/caravel-ELITS/verilog/dv/caravel/sections.lds
/home/irfansyah/dev/caravel-ELITS/verilog/dv/caravel/stub.c
/home/irfansyah/dev/caravel-ELITS/verilog/dv/caravel/mgmt_soc/Makefile
/home/irfansyah/dev/caravel-ELITS/verilog/dv/caravel/mgmt_soc/pll/pll.c
/home/irfansyah/dev/caravel-ELITS/verilog/dv/caravel/mgmt_soc/pll/pll_tb.v
/home/irfansyah/dev/caravel-ELITS/verilog/dv/caravel/mgmt_soc/pll/Makefile
/home/irfansyah/dev/caravel-ELITS/verilog/dv/caravel/mgmt_soc/pass_thru/pass_thru.c
/home/irfansyah/dev/caravel-ELITS/verilog/dv/caravel/mgmt_soc/pass_thru/pass_thru_tb.v
/home/irfansyah/dev/caravel-ELITS/verilog/dv/caravel/mgmt_soc/pass_thru/Makefile
/home/irfansyah/dev/caravel-ELITS/verilog/dv/caravel/mgmt_soc/storage/storage_tb.v
/home/irfansyah/dev/caravel-ELITS/verilog/dv/caravel/mgmt_soc/storage/storage.c
/home/irfansyah/dev/caravel-ELITS/verilog/dv/caravel/mgmt_soc/storage/Makefile
/home/irfansyah/dev/caravel-ELITS/verilog/dv/caravel/mgmt_soc/timer2/timer2.c
/home/irfansyah/dev/caravel-ELITS/verilog/dv/caravel/mgmt_soc/timer2/timer2_tb.v
/home/irfansyah/dev/caravel-ELITS/verilog/dv/caravel/mgmt_soc/timer2/Makefile
/home/irfansyah/dev/caravel-ELITS/verilog/dv/caravel/mgmt_soc/gpio/gpio.c
/home/irfansyah/dev/caravel-ELITS/verilog/dv/caravel/mgmt_soc/gpio/gpio_tb.v
/home/irfansyah/dev/caravel-ELITS/verilog/dv/caravel/mgmt_soc/gpio/Makefile
/home/irfansyah/dev/caravel-ELITS/verilog/dv/caravel/mgmt_soc/gpio/README
/home/irfansyah/dev/caravel-ELITS/verilog/dv/caravel/mgmt_soc/mem/mem.c
/home/irfansyah/dev/caravel-ELITS/verilog/dv/caravel/mgmt_soc/mem/Makefile
/home/irfansyah/dev/caravel-ELITS/verilog/dv/caravel/mgmt_soc/mem/mem_tb.v
/home/irfansyah/dev/caravel-ELITS/verilog/dv/caravel/mgmt_soc/timer/timer_tb.v
/home/irfansyah/dev/caravel-ELITS/verilog/dv/caravel/mgmt_soc/timer/timer.c
/home/irfansyah/dev/caravel-ELITS/verilog/dv/caravel/mgmt_soc/timer/Makefile
/home/irfansyah/dev/caravel-ELITS/verilog/dv/caravel/mgmt_soc/perf/perf.c
/home/irfansyah/dev/caravel-ELITS/verilog/dv/caravel/mgmt_soc/perf/perf_tb.v
/home/irfansyah/dev/caravel-ELITS/verilog/dv/caravel/mgmt_soc/perf/Makefile
/home/irfansyah/dev/caravel-ELITS/verilog/dv/caravel/mgmt_soc/mprj_ctrl/mprj_ctrl.c
/home/irfansyah/dev/caravel-ELITS/verilog/dv/caravel/mgmt_soc/mprj_ctrl/Makefile
/home/irfansyah/dev/caravel-ELITS/verilog/dv/caravel/mgmt_soc/mprj_ctrl/mprj_ctrl_tb.v
/home/irfansyah/dev/caravel-ELITS/verilog/dv/caravel/mgmt_soc/hkspi/hkspi_tb.v
/home/irfansyah/dev/caravel-ELITS/verilog/dv/caravel/mgmt_soc/hkspi/hkspi.c
/home/irfansyah/dev/caravel-ELITS/verilog/dv/caravel/mgmt_soc/hkspi/Makefile
/home/irfansyah/dev/caravel-ELITS/verilog/dv/caravel/mgmt_soc/uart/uart.c
/home/irfansyah/dev/caravel-ELITS/verilog/dv/caravel/mgmt_soc/uart/uart_tb.v
/home/irfansyah/dev/caravel-ELITS/verilog/dv/caravel/mgmt_soc/uart/Makefile
/home/irfansyah/dev/caravel-ELITS/verilog/dv/caravel/mgmt_soc/sysctrl/sysctrl.c
/home/irfansyah/dev/caravel-ELITS/verilog/dv/caravel/mgmt_soc/sysctrl/Makefile
/home/irfansyah/dev/caravel-ELITS/verilog/dv/caravel/mgmt_soc/sysctrl/sysctrl_tb.v
/home/irfansyah/dev/caravel-ELITS/verilog/dv/caravel/user_proj_example/README.md
/home/irfansyah/dev/caravel-ELITS/verilog/dv/caravel/user_proj_example/Makefile
/home/irfansyah/dev/caravel-ELITS/verilog/dv/caravel/user_proj_example/la_test2/la_test2.c
/home/irfansyah/dev/caravel-ELITS/verilog/dv/caravel/user_proj_example/la_test2/Makefile
/home/irfansyah/dev/caravel-ELITS/verilog/dv/caravel/user_proj_example/la_test2/la_test2_tb.v
/home/irfansyah/dev/caravel-ELITS/verilog/dv/caravel/user_proj_example/io_ports/io_ports.c
/home/irfansyah/dev/caravel-ELITS/verilog/dv/caravel/user_proj_example/io_ports/io_ports_tb.v
/home/irfansyah/dev/caravel-ELITS/verilog/dv/caravel/user_proj_example/io_ports/Makefile
/home/irfansyah/dev/caravel-ELITS/verilog/dv/caravel/user_proj_example/la_test1/la_test1_tb.v
/home/irfansyah/dev/caravel-ELITS/verilog/dv/caravel/user_proj_example/la_test1/la_test1.c
/home/irfansyah/dev/caravel-ELITS/verilog/dv/caravel/user_proj_example/la_test1/Makefile
/home/irfansyah/dev/caravel-ELITS/spi/lvs/digital_pll.spice
/home/irfansyah/dev/caravel-ELITS/spi/lvs/storage.spice
/home/irfansyah/dev/caravel-ELITS/spi/lvs/.gitignore
/home/irfansyah/dev/caravel-ELITS/spi/lvs/DFFRAM.spice
/home/irfansyah/dev/caravel-ELITS/spi/lvs/mgmt_core.spice
/home/irfansyah/dev/caravel-ELITS/spi/lvs/mgmt_protect.spice
/home/irfansyah/dev/caravel-ELITS/spi/lvs/top_astria.spice
/home/irfansyah/dev/caravel-ELITS/spi/lvs/chip_io.spice
/home/irfansyah/dev/caravel-ELITS/spi/lvs/user_id_programming.spice
/home/irfansyah/dev/caravel-ELITS/spi/lvs/simple_por.spice
/home/irfansyah/dev/caravel-ELITS/spi/lvs/sky130_fd_sc_hvl__lsbufhv2lv_1_wrapped.spice
/home/irfansyah/dev/caravel-ELITS/spi/lvs/user_proj_example.spice
/home/irfansyah/dev/caravel-ELITS/spi/lvs/run_lvs.sh
/home/irfansyah/dev/caravel-ELITS/spi/lvs/gpio_control_block.spice
/home/irfansyah/dev/caravel-ELITS/spi/lvs/user_project_wrapper.spice
/home/irfansyah/dev/caravel-ELITS/spi/lvs/mgmt_protect_hv.spice
/home/irfansyah/dev/caravel-ELITS/maglef/.magicrc
